<?xml version="1.0" encoding="UTF-8"?>
<!-- Generated by org.testng.reporters.JUnitReportReporter -->
<testsuite hostname="vijaykrishnaraj" failures="0" tests="1" name="testScripts.BooksTest" time="10.609" errors="0" timestamp="2024-04-26T14:25:10 IST" skipped="0">
  <testcase classname="testScripts.BooksTest" name="BookTest_001" time="10.609"/>
</testsuite> <!-- testScripts.BooksTest -->
